0 info it worked if it ends with ok
1 verbose cli [ '/opt/boxen/nodenv/versions/v0.10/bin/node',
1 verbose cli   '/opt/boxen/nodenv/versions/v0.10/bin/npm',
1 verbose cli   'start',
1 verbose cli   'app.js' ]
2 info using npm@1.3.11
3 info using node@v0.10.21
4 verbose node symlink /opt/boxen/nodenv/versions/v0.10/bin/node
5 error Error: ENOENT, open '/Users/joetraynor/Documents/express_test/myapp/node_modules/app.js/package.json'
6 error If you need help, you may report this log at:
6 error     <http://github.com/isaacs/npm/issues>
6 error or email it to:
6 error     <npm-@googlegroups.com>
7 error System Darwin 12.5.0
8 error command "/opt/boxen/nodenv/versions/v0.10/bin/node" "/opt/boxen/nodenv/versions/v0.10/bin/npm" "start" "app.js"
9 error cwd /Users/joetraynor/Documents/express_test/myapp
10 error node -v v0.10.21
11 error npm -v 1.3.11
12 error path /Users/joetraynor/Documents/express_test/myapp/node_modules/app.js/package.json
13 error code ENOENT
14 error errno 34
15 verbose exit [ 34, true ]
